<?xml version="1.0" encoding="UTF-8"?>
<testsuite xmlns:xsi="http://www.w3.org/2001/XMLSchema-instance" xsi:noNamespaceSchemaLocation="https://maven.apache.org/surefire/maven-surefire-plugin/xsd/surefire-test-report.xsd" version="3.0.1" name="com.vli.backend.TeamDatabaseTest" time="0.494" tests="8" errors="0" skipped="0" failures="0">
  <properties>
[...]
</properties>
  <testcase name="testAddTeam" classname="com.vli.backend.TeamDatabaseTest" time="0.003"/>
  <testcase name="testClear" classname="com.vli.backend.TeamDatabaseTest" time="0.001"/>
  <testcase name="testGetDatabase" classname="com.vli.backend.TeamDatabaseTest" time="0.001"/>
  <testcase name="testUpdateTeam" classname="com.vli.backend.TeamDatabaseTest" time="0.002"/>
  <testcase name="testGetNonexistentTeam" classname="com.vli.backend.TeamDatabaseTest" time="0.001"/>
  <testcase name="testGetTeam" classname="com.vli.backend.TeamDatabaseTest" time="0.001"/>
  <testcase name="testDatabaseIsSingleton" classname="com.vli.backend.TeamDatabaseTest" time="0.001"/>
  <testcase name="testDeleteTeam" classname="com.vli.backend.TeamDatabaseTest" time="0.001"/>
</testsuite>